<?xml version="1.0" encoding="UTF-8"?>
<!-- Generated by org.testng.reporters.JUnitReportReporter -->
<testsuite hostname="DESKTOP-N4NP63O" failures="0" tests="3" name="api.test.DataProviderTestUser" time="8.138" errors="0" timestamp="2024-02-26T19:30:18 IST" skipped="0">
  <testcase classname="api.test.DataProviderTestUser" name="getAllUser" time="2.155"/>
  <testcase classname="api.test.DataProviderTestUser" name="getAllUser" time="4.125"/>
  <testcase classname="api.test.DataProviderTestUser" name="getAllUser" time="1.858"/>
</testsuite> <!-- api.test.DataProviderTestUser -->
