<?xml version="1.0" encoding="UTF-8"?>
<!-- Generated by org.testng.reporters.JUnitReportReporter -->
<testsuite hostname="DESKTOP-N4NP63O" failures="0" tests="4" name="api.test.UserTest" time="31.262" errors="0" timestamp="2024-02-23T16:18:42 IST" skipped="0">
  <testcase classname="api.test.UserTest" name="postUser" time="8.416"/>
  <testcase classname="api.test.UserTest" name="readUser" time="3.564"/>
  <testcase classname="api.test.UserTest" name="updateUserData" time="15.021"/>
  <testcase classname="api.test.UserTest" name="deleteUserData" time="4.261"/>
</testsuite> <!-- api.test.UserTest -->
