<?xml version="1.0" encoding="UTF-8"?>
<!-- Generated by org.testng.reporters.JUnitReportReporter -->
<testsuite hostname="DESKTOP-N4NP63O" failures="0" tests="4" name="api.test.UserTest" time="89.129" errors="0" timestamp="2024-02-26T22:48:13 IST" skipped="0">
  <testcase classname="api.test.UserTest" name="postUser" time="28.236"/>
  <testcase classname="api.test.UserTest" name="readUser" time="3.054"/>
  <testcase classname="api.test.UserTest" name="updateUserData" time="46.304"/>
  <testcase classname="api.test.UserTest" name="deleteUserData" time="11.535"/>
</testsuite> <!-- api.test.UserTest -->
